<?xml version="1.0" encoding="UTF-8"?>
<!-- Generated by org.testng.reporters.JUnitReportReporter -->
<testsuite skipped="0" hostname="AR-IT03921" name="com.automation.tests.Exercise5" tests="1" failures="0" timestamp="20 Mar 2019 14:53:59 GMT" time="13.414" errors="0">
  <testcase name="selectCruise" time="13.414" classname="com.automation.tests.Exercise5"/>
</testsuite> <!-- com.automation.tests.Exercise5 -->
