<?xml version="1.0" encoding="UTF-8"?>
<!-- Generated by org.testng.reporters.JUnitReportReporter -->
<testsuite skipped="0" hostname="AR-IT03921" name="com.automation.tests.Exercise1" tests="1" failures="0" timestamp="18 Mar 2019 12:10:34 GMT" time="78.768" errors="0">
  <testcase name="Excercise1" time="78.768" classname="com.automation.tests.Exercise1"/>
</testsuite> <!-- com.automation.tests.Exercise1 -->
