<?xml version="1.0" encoding="UTF-8"?>
<!-- Generated by org.testng.reporters.JUnitReportReporter -->
<testsuite skipped="0" hostname="AR-IT03921" name="com.RestAssured.practice.Chapter1" tests="2" failures="0" timestamp="19 Aug 2019 14:28:19 GMT" time="0.014" errors="0">
  <testcase name="collectionsAndSort" time="0.003" classname="com.RestAssured.practice.Chapter1"/>
  <testcase name="collectionMethods" time="0.011" classname="com.RestAssured.practice.Chapter1"/>
</testsuite> <!-- com.RestAssured.practice.Chapter1 -->
