<?xml version="1.0" encoding="UTF-8"?>
<!-- Generated by org.testng.reporters.JUnitReportReporter -->
<testsuite skipped="0" hostname="AR-IT03921" name="com.automation.tests.Exercise2" tests="1" failures="0" timestamp="21 Mar 2019 13:19:20 GMT" time="259.937" errors="0">
  <testcase name="selectFlight" time="259.937" classname="com.automation.tests.Exercise2"/>
</testsuite> <!-- com.automation.tests.Exercise2 -->
