<?xml version="1.0" encoding="UTF-8"?>
<!-- Generated by org.testng.reporters.JUnitReportReporter -->
<testsuite skipped="0" hostname="AR-IT03921" name="com.automation.tests.ChangeToFlightsTest" tests="1" failures="0" timestamp="15 Jan 2019 20:37:26 GMT" time="157.892" errors="0">
  <testcase name="selectFlight" time="157.892" classname="com.automation.tests.ChangeToFlightsTest"/>
</testsuite> <!-- com.automation.tests.ChangeToFlightsTest -->
