<?xml version="1.0" encoding="UTF-8"?>
<!-- Generated by org.testng.reporters.JUnitReportReporter -->
<testsuite skipped="0" hostname="AR-IT03921" name="com.automation.tests.Exercise4" tests="1" failures="0" timestamp="19 Mar 2019 14:09:19 GMT" time="4.075" errors="0">
  <testcase name="selectFlight" time="4.075" classname="com.automation.tests.Exercise4"/>
</testsuite> <!-- com.automation.tests.Exercise4 -->
