<?xml version="1.0" encoding="UTF-8"?>
<!-- Generated by org.testng.reporters.JUnitReportReporter -->
<testsuite skipped="0" hostname="AR-IT03921" name="com.automation.tests.Exercise3" tests="1" failures="0" timestamp="22 Mar 2019 18:21:12 GMT" time="19.705" errors="0">
  <testcase name="selectFlight" time="19.705" classname="com.automation.tests.Exercise3"/>
</testsuite> <!-- com.automation.tests.Exercise3 -->
